 [2023-03-11T15:04:46+02:00] Unexpected field 
 error stack 
  : MulterError: Unexpected field
    at wrappedFileFilter (E:\1PROJECTS\Work\najeh-api\node_modules\multer\index.js:40:19)
    at Multipart.<anonymous> (E:\1PROJECTS\Work\najeh-api\node_modules\multer\lib\make-middleware.js:107:7)
    at Multipart.emit (node:events:513:28)
    at HeaderParser.cb (E:\1PROJECTS\Work\najeh-api\node_modules\busboy\lib\types\multipart.js:358:14)
    at HeaderParser.push (E:\1PROJECTS\Work\najeh-api\node_modules\busboy\lib\types\multipart.js:162:20)
    at SBMH.ssCb [as _cb] (E:\1PROJECTS\Work\najeh-api\node_modules\busboy\lib\types\multipart.js:394:37)
    at feed (E:\1PROJECTS\Work\najeh-api\node_modules\streamsearch\lib\sbmh.js:200:10)
    at SBMH.push (E:\1PROJECTS\Work\najeh-api\node_modules\streamsearch\lib\sbmh.js:104:16)
    at Multipart._write (E:\1PROJECTS\Work\najeh-api\node_modules\busboy\lib\types\multipart.js:567:19)
    at writeOrBuffer (node:internal/streams/writable:392:12) 
 -----------------------
  [2023-03-11T15:10:48+02:00] error getting logo file path must be absolute or specify root to res.sendFile 
 error stack 
  : Error: error getting logo file path must be absolute or specify root to res.sendFile
    at getLogo (E:\1PROJECTS\Work\najeh-api\controllers\appearanceController.js:26:7)
    at Layer.handle [as handle_request] (E:\1PROJECTS\Work\najeh-api\node_modules\express\lib\router\layer.js:95:5)
    at next (E:\1PROJECTS\Work\najeh-api\node_modules\express\lib\router\route.js:144:13)
    at Route.dispatch (E:\1PROJECTS\Work\najeh-api\node_modules\express\lib\router\route.js:114:3)
    at Layer.handle [as handle_request] (E:\1PROJECTS\Work\najeh-api\node_modules\express\lib\router\layer.js:95:5)
    at E:\1PROJECTS\Work\najeh-api\node_modules\express\lib\router\index.js:284:15
    at Function.process_params (E:\1PROJECTS\Work\najeh-api\node_modules\express\lib\router\index.js:346:12)
    at next (E:\1PROJECTS\Work\najeh-api\node_modules\express\lib\router\index.js:280:10)
    at Function.handle (E:\1PROJECTS\Work\najeh-api\node_modules\express\lib\router\index.js:175:3)
    at router (E:\1PROJECTS\Work\najeh-api\node_modules\express\lib\router\index.js:47:12) 
 -----------------------
 